2016/11/16 22:36:33 [error] [php] Undefined variable: defaultappoint (/Applications/MAMP/htdocs/clinic/protected/views/appoint/formappoint.php:44)
Stack trace:
#0 /Applications/MAMP/htdocs/clinic/framework/web/CController.php(869): AppointController->renderFile()
#1 /Applications/MAMP/htdocs/clinic/protected/controllers/AppointController.php(164): AppointController->renderPartial()
#2 unknown(0): AppointController->actionFormappoint()
#3 /Applications/MAMP/htdocs/clinic/framework/web/actions/CAction.php(108): ReflectionMethod->invokeArgs()
#4 /Applications/MAMP/htdocs/clinic/framework/web/actions/CInlineAction.php(47): CInlineAction->runWithParamsInternal()
#5 /Applications/MAMP/htdocs/clinic/framework/web/CController.php(308): CInlineAction->runWithParams()
#6 /Applications/MAMP/htdocs/clinic/framework/web/filters/CFilterChain.php(133): AppointController->runAction()
#7 /Applications/MAMP/htdocs/clinic/framework/web/filters/CFilter.php(40): CFilterChain->run()
#8 /Applications/MAMP/htdocs/clinic/framework/web/CController.php(1145): CAccessControlFilter->filter()
#9 /Applications/MAMP/htdocs/clinic/framework/web/filters/CInlineFilter.php(58): AppointController->filterAccessControl()
#10 /Applications/MAMP/htdocs/clinic/framework/web/filters/CFilterChain.php(130): CInlineFilter->filter()
#11 /Applications/MAMP/htdocs/clinic/framework/web/CController.php(291): CFilterChain->run()
#12 /Applications/MAMP/htdocs/clinic/framework/web/CController.php(265): AppointController->runActionWithFilters()
#13 /Applications/MAMP/htdocs/clinic/framework/web/CWebApplication.php(282): AppointController->run()
#14 /Applications/MAMP/htdocs/clinic/framework/web/CWebApplication.php(141): CWebApplication->runController()
#15 /Applications/MAMP/htdocs/clinic/framework/base/CApplication.php(180): CWebApplication->processRequest()
#16 /Applications/MAMP/htdocs/clinic/index.php(15): CWebApplication->run()
REQUEST_URI=/clinic/index.php?r=appoint/formappoint&seq=7
in /Applications/MAMP/htdocs/clinic/protected/views/appoint/formappoint.php (44)
in /Applications/MAMP/htdocs/clinic/protected/controllers/AppointController.php (164)
in /Applications/MAMP/htdocs/clinic/index.php (15)
2016/11/16 22:36:34 [error] [php] Undefined variable: defaultappoint (/Applications/MAMP/htdocs/clinic/protected/views/appoint/formappoint.php:44)
Stack trace:
#0 /Applications/MAMP/htdocs/clinic/framework/web/CController.php(869): AppointController->renderFile()
#1 /Applications/MAMP/htdocs/clinic/protected/controllers/AppointController.php(164): AppointController->renderPartial()
#2 unknown(0): AppointController->actionFormappoint()
#3 /Applications/MAMP/htdocs/clinic/framework/web/actions/CAction.php(108): ReflectionMethod->invokeArgs()
#4 /Applications/MAMP/htdocs/clinic/framework/web/actions/CInlineAction.php(47): CInlineAction->runWithParamsInternal()
#5 /Applications/MAMP/htdocs/clinic/framework/web/CController.php(308): CInlineAction->runWithParams()
#6 /Applications/MAMP/htdocs/clinic/framework/web/filters/CFilterChain.php(133): AppointController->runAction()
#7 /Applications/MAMP/htdocs/clinic/framework/web/filters/CFilter.php(40): CFilterChain->run()
#8 /Applications/MAMP/htdocs/clinic/framework/web/CController.php(1145): CAccessControlFilter->filter()
#9 /Applications/MAMP/htdocs/clinic/framework/web/filters/CInlineFilter.php(58): AppointController->filterAccessControl()
#10 /Applications/MAMP/htdocs/clinic/framework/web/filters/CFilterChain.php(130): CInlineFilter->filter()
#11 /Applications/MAMP/htdocs/clinic/framework/web/CController.php(291): CFilterChain->run()
#12 /Applications/MAMP/htdocs/clinic/framework/web/CController.php(265): AppointController->runActionWithFilters()
#13 /Applications/MAMP/htdocs/clinic/framework/web/CWebApplication.php(282): AppointController->run()
#14 /Applications/MAMP/htdocs/clinic/framework/web/CWebApplication.php(141): CWebApplication->runController()
#15 /Applications/MAMP/htdocs/clinic/framework/base/CApplication.php(180): CWebApplication->processRequest()
#16 /Applications/MAMP/htdocs/clinic/index.php(15): CWebApplication->run()
REQUEST_URI=/clinic/index.php?r=appoint/formappoint&seq=7
in /Applications/MAMP/htdocs/clinic/protected/views/appoint/formappoint.php (44)
in /Applications/MAMP/htdocs/clinic/protected/controllers/AppointController.php (164)
in /Applications/MAMP/htdocs/clinic/index.php (15)
2016/11/17 10:29:33 [error] [exception.CException] exception 'CException' with message 'คุณสมบัติ "Appoint.time" ยังไม่ถูกกำหนด' in /Applications/MAMP/htdocs/clinic/framework/base/CComponent.php:130
Stack trace:
#0 /Applications/MAMP/htdocs/clinic/framework/db/ar/CActiveRecord.php(145): CComponent->__get('time')
#1 /Applications/MAMP/htdocs/clinic/framework/base/CModel.php(596): CActiveRecord->__get('time')
#2 /Applications/MAMP/htdocs/clinic/protected/controllers/AppointController.php(164): CModel->offsetGet('time')
#3 [internal function]: AppointController->actionFormappoint('13')
#4 /Applications/MAMP/htdocs/clinic/framework/web/actions/CAction.php(108): ReflectionMethod->invokeArgs(Object(AppointController), Array)
#5 /Applications/MAMP/htdocs/clinic/framework/web/actions/CInlineAction.php(47): CAction->runWithParamsInternal(Object(AppointController), Object(ReflectionMethod), Array)
#6 /Applications/MAMP/htdocs/clinic/framework/web/CController.php(308): CInlineAction->runWithParams(Array)
#7 /Applications/MAMP/htdocs/clinic/framework/web/filters/CFilterChain.php(133): CController->runAction(Object(CInlineAction))
#8 /Applications/MAMP/htdocs/clinic/framework/web/filters/CFilter.php(40): CFilterChain->run()
#9 /Applications/MAMP/htdocs/clinic/framework/web/CController.php(1145): CFilter->filter(Object(CFilterChain))
#10 /Applications/MAMP/htdocs/clinic/framework/web/filters/CInlineFilter.php(58): CController->filterAccessControl(Object(CFilterChain))
#11 /Applications/MAMP/htdocs/clinic/framework/web/filters/CFilterChain.php(130): CInlineFilter->filter(Object(CFilterChain))
#12 /Applications/MAMP/htdocs/clinic/framework/web/CController.php(291): CFilterChain->run()
#13 /Applications/MAMP/htdocs/clinic/framework/web/CController.php(265): CController->runActionWithFilters(Object(CInlineAction), Array)
#14 /Applications/MAMP/htdocs/clinic/framework/web/CWebApplication.php(282): CController->run('formappoint')
#15 /Applications/MAMP/htdocs/clinic/framework/web/CWebApplication.php(141): CWebApplication->runController('appoint/formapp...')
#16 /Applications/MAMP/htdocs/clinic/framework/base/CApplication.php(180): CWebApplication->processRequest()
#17 /Applications/MAMP/htdocs/clinic/index.php(15): CApplication->run()
#18 {main}
REQUEST_URI=/clinic/index.php?r=appoint/formappoint&seq=13
HTTP_REFERER=http://localhost/clinic/index.php?r=service/detail&patient_id=1&diagcode=2
---
2016/11/17 10:29:35 [error] [exception.CException] exception 'CException' with message 'คุณสมบัติ "Appoint.time" ยังไม่ถูกกำหนด' in /Applications/MAMP/htdocs/clinic/framework/base/CComponent.php:130
Stack trace:
#0 /Applications/MAMP/htdocs/clinic/framework/db/ar/CActiveRecord.php(145): CComponent->__get('time')
#1 /Applications/MAMP/htdocs/clinic/framework/base/CModel.php(596): CActiveRecord->__get('time')
#2 /Applications/MAMP/htdocs/clinic/protected/controllers/AppointController.php(164): CModel->offsetGet('time')
#3 [internal function]: AppointController->actionFormappoint('13')
#4 /Applications/MAMP/htdocs/clinic/framework/web/actions/CAction.php(108): ReflectionMethod->invokeArgs(Object(AppointController), Array)
#5 /Applications/MAMP/htdocs/clinic/framework/web/actions/CInlineAction.php(47): CAction->runWithParamsInternal(Object(AppointController), Object(ReflectionMethod), Array)
#6 /Applications/MAMP/htdocs/clinic/framework/web/CController.php(308): CInlineAction->runWithParams(Array)
#7 /Applications/MAMP/htdocs/clinic/framework/web/filters/CFilterChain.php(133): CController->runAction(Object(CInlineAction))
#8 /Applications/MAMP/htdocs/clinic/framework/web/filters/CFilter.php(40): CFilterChain->run()
#9 /Applications/MAMP/htdocs/clinic/framework/web/CController.php(1145): CFilter->filter(Object(CFilterChain))
#10 /Applications/MAMP/htdocs/clinic/framework/web/filters/CInlineFilter.php(58): CController->filterAccessControl(Object(CFilterChain))
#11 /Applications/MAMP/htdocs/clinic/framework/web/filters/CFilterChain.php(130): CInlineFilter->filter(Object(CFilterChain))
#12 /Applications/MAMP/htdocs/clinic/framework/web/CController.php(291): CFilterChain->run()
#13 /Applications/MAMP/htdocs/clinic/framework/web/CController.php(265): CController->runActionWithFilters(Object(CInlineAction), Array)
#14 /Applications/MAMP/htdocs/clinic/framework/web/CWebApplication.php(282): CController->run('formappoint')
#15 /Applications/MAMP/htdocs/clinic/framework/web/CWebApplication.php(141): CWebApplication->runController('appoint/formapp...')
#16 /Applications/MAMP/htdocs/clinic/framework/base/CApplication.php(180): CWebApplication->processRequest()
#17 /Applications/MAMP/htdocs/clinic/index.php(15): CApplication->run()
#18 {main}
REQUEST_URI=/clinic/index.php?r=appoint/formappoint&seq=13
HTTP_REFERER=http://localhost/clinic/index.php?r=service/detail&patient_id=1&diagcode=2
---
2016/11/17 10:29:38 [error] [exception.CException] exception 'CException' with message 'คุณสมบัติ "Appoint.time" ยังไม่ถูกกำหนด' in /Applications/MAMP/htdocs/clinic/framework/base/CComponent.php:130
Stack trace:
#0 /Applications/MAMP/htdocs/clinic/framework/db/ar/CActiveRecord.php(145): CComponent->__get('time')
#1 /Applications/MAMP/htdocs/clinic/framework/base/CModel.php(596): CActiveRecord->__get('time')
#2 /Applications/MAMP/htdocs/clinic/protected/controllers/AppointController.php(164): CModel->offsetGet('time')
#3 [internal function]: AppointController->actionFormappoint('13')
#4 /Applications/MAMP/htdocs/clinic/framework/web/actions/CAction.php(108): ReflectionMethod->invokeArgs(Object(AppointController), Array)
#5 /Applications/MAMP/htdocs/clinic/framework/web/actions/CInlineAction.php(47): CAction->runWithParamsInternal(Object(AppointController), Object(ReflectionMethod), Array)
#6 /Applications/MAMP/htdocs/clinic/framework/web/CController.php(308): CInlineAction->runWithParams(Array)
#7 /Applications/MAMP/htdocs/clinic/framework/web/filters/CFilterChain.php(133): CController->runAction(Object(CInlineAction))
#8 /Applications/MAMP/htdocs/clinic/framework/web/filters/CFilter.php(40): CFilterChain->run()
#9 /Applications/MAMP/htdocs/clinic/framework/web/CController.php(1145): CFilter->filter(Object(CFilterChain))
#10 /Applications/MAMP/htdocs/clinic/framework/web/filters/CInlineFilter.php(58): CController->filterAccessControl(Object(CFilterChain))
#11 /Applications/MAMP/htdocs/clinic/framework/web/filters/CFilterChain.php(130): CInlineFilter->filter(Object(CFilterChain))
#12 /Applications/MAMP/htdocs/clinic/framework/web/CController.php(291): CFilterChain->run()
#13 /Applications/MAMP/htdocs/clinic/framework/web/CController.php(265): CController->runActionWithFilters(Object(CInlineAction), Array)
#14 /Applications/MAMP/htdocs/clinic/framework/web/CWebApplication.php(282): CController->run('formappoint')
#15 /Applications/MAMP/htdocs/clinic/framework/web/CWebApplication.php(141): CWebApplication->runController('appoint/formapp...')
#16 /Applications/MAMP/htdocs/clinic/framework/base/CApplication.php(180): CWebApplication->processRequest()
#17 /Applications/MAMP/htdocs/clinic/index.php(15): CApplication->run()
#18 {main}
REQUEST_URI=/clinic/index.php?r=appoint/formappoint&seq=13
HTTP_REFERER=http://localhost/clinic/index.php?r=service/detail&patient_id=1&diagcode=2
---
2016/11/17 10:29:38 [error] [exception.CException] exception 'CException' with message 'คุณสมบัติ "Appoint.time" ยังไม่ถูกกำหนด' in /Applications/MAMP/htdocs/clinic/framework/base/CComponent.php:130
Stack trace:
#0 /Applications/MAMP/htdocs/clinic/framework/db/ar/CActiveRecord.php(145): CComponent->__get('time')
#1 /Applications/MAMP/htdocs/clinic/framework/base/CModel.php(596): CActiveRecord->__get('time')
#2 /Applications/MAMP/htdocs/clinic/protected/controllers/AppointController.php(164): CModel->offsetGet('time')
#3 [internal function]: AppointController->actionFormappoint('13')
#4 /Applications/MAMP/htdocs/clinic/framework/web/actions/CAction.php(108): ReflectionMethod->invokeArgs(Object(AppointController), Array)
#5 /Applications/MAMP/htdocs/clinic/framework/web/actions/CInlineAction.php(47): CAction->runWithParamsInternal(Object(AppointController), Object(ReflectionMethod), Array)
#6 /Applications/MAMP/htdocs/clinic/framework/web/CController.php(308): CInlineAction->runWithParams(Array)
#7 /Applications/MAMP/htdocs/clinic/framework/web/filters/CFilterChain.php(133): CController->runAction(Object(CInlineAction))
#8 /Applications/MAMP/htdocs/clinic/framework/web/filters/CFilter.php(40): CFilterChain->run()
#9 /Applications/MAMP/htdocs/clinic/framework/web/CController.php(1145): CFilter->filter(Object(CFilterChain))
#10 /Applications/MAMP/htdocs/clinic/framework/web/filters/CInlineFilter.php(58): CController->filterAccessControl(Object(CFilterChain))
#11 /Applications/MAMP/htdocs/clinic/framework/web/filters/CFilterChain.php(130): CInlineFilter->filter(Object(CFilterChain))
#12 /Applications/MAMP/htdocs/clinic/framework/web/CController.php(291): CFilterChain->run()
#13 /Applications/MAMP/htdocs/clinic/framework/web/CController.php(265): CController->runActionWithFilters(Object(CInlineAction), Array)
#14 /Applications/MAMP/htdocs/clinic/framework/web/CWebApplication.php(282): CController->run('formappoint')
#15 /Applications/MAMP/htdocs/clinic/framework/web/CWebApplication.php(141): CWebApplication->runController('appoint/formapp...')
#16 /Applications/MAMP/htdocs/clinic/framework/base/CApplication.php(180): CWebApplication->processRequest()
#17 /Applications/MAMP/htdocs/clinic/index.php(15): CApplication->run()
#18 {main}
REQUEST_URI=/clinic/index.php?r=appoint/formappoint&seq=13
HTTP_REFERER=http://localhost/clinic/index.php?r=service/detail&patient_id=1&diagcode=2
---
2016/11/17 10:29:39 [error] [exception.CException] exception 'CException' with message 'คุณสมบัติ "Appoint.time" ยังไม่ถูกกำหนด' in /Applications/MAMP/htdocs/clinic/framework/base/CComponent.php:130
Stack trace:
#0 /Applications/MAMP/htdocs/clinic/framework/db/ar/CActiveRecord.php(145): CComponent->__get('time')
#1 /Applications/MAMP/htdocs/clinic/framework/base/CModel.php(596): CActiveRecord->__get('time')
#2 /Applications/MAMP/htdocs/clinic/protected/controllers/AppointController.php(164): CModel->offsetGet('time')
#3 [internal function]: AppointController->actionFormappoint('13')
#4 /Applications/MAMP/htdocs/clinic/framework/web/actions/CAction.php(108): ReflectionMethod->invokeArgs(Object(AppointController), Array)
#5 /Applications/MAMP/htdocs/clinic/framework/web/actions/CInlineAction.php(47): CAction->runWithParamsInternal(Object(AppointController), Object(ReflectionMethod), Array)
#6 /Applications/MAMP/htdocs/clinic/framework/web/CController.php(308): CInlineAction->runWithParams(Array)
#7 /Applications/MAMP/htdocs/clinic/framework/web/filters/CFilterChain.php(133): CController->runAction(Object(CInlineAction))
#8 /Applications/MAMP/htdocs/clinic/framework/web/filters/CFilter.php(40): CFilterChain->run()
#9 /Applications/MAMP/htdocs/clinic/framework/web/CController.php(1145): CFilter->filter(Object(CFilterChain))
#10 /Applications/MAMP/htdocs/clinic/framework/web/filters/CInlineFilter.php(58): CController->filterAccessControl(Object(CFilterChain))
#11 /Applications/MAMP/htdocs/clinic/framework/web/filters/CFilterChain.php(130): CInlineFilter->filter(Object(CFilterChain))
#12 /Applications/MAMP/htdocs/clinic/framework/web/CController.php(291): CFilterChain->run()
#13 /Applications/MAMP/htdocs/clinic/framework/web/CController.php(265): CController->runActionWithFilters(Object(CInlineAction), Array)
#14 /Applications/MAMP/htdocs/clinic/framework/web/CWebApplication.php(282): CController->run('formappoint')
#15 /Applications/MAMP/htdocs/clinic/framework/web/CWebApplication.php(141): CWebApplication->runController('appoint/formapp...')
#16 /Applications/MAMP/htdocs/clinic/framework/base/CApplication.php(180): CWebApplication->processRequest()
#17 /Applications/MAMP/htdocs/clinic/index.php(15): CApplication->run()
#18 {main}
REQUEST_URI=/clinic/index.php?r=appoint/formappoint&seq=13
HTTP_REFERER=http://localhost/clinic/index.php?r=service/detail&patient_id=1&diagcode=2
---
2016/11/17 10:29:42 [error] [exception.CException] exception 'CException' with message 'คุณสมบัติ "Appoint.time" ยังไม่ถูกกำหนด' in /Applications/MAMP/htdocs/clinic/framework/base/CComponent.php:130
Stack trace:
#0 /Applications/MAMP/htdocs/clinic/framework/db/ar/CActiveRecord.php(145): CComponent->__get('time')
#1 /Applications/MAMP/htdocs/clinic/framework/base/CModel.php(596): CActiveRecord->__get('time')
#2 /Applications/MAMP/htdocs/clinic/protected/controllers/AppointController.php(164): CModel->offsetGet('time')
#3 [internal function]: AppointController->actionFormappoint('13')
#4 /Applications/MAMP/htdocs/clinic/framework/web/actions/CAction.php(108): ReflectionMethod->invokeArgs(Object(AppointController), Array)
#5 /Applications/MAMP/htdocs/clinic/framework/web/actions/CInlineAction.php(47): CAction->runWithParamsInternal(Object(AppointController), Object(ReflectionMethod), Array)
#6 /Applications/MAMP/htdocs/clinic/framework/web/CController.php(308): CInlineAction->runWithParams(Array)
#7 /Applications/MAMP/htdocs/clinic/framework/web/filters/CFilterChain.php(133): CController->runAction(Object(CInlineAction))
#8 /Applications/MAMP/htdocs/clinic/framework/web/filters/CFilter.php(40): CFilterChain->run()
#9 /Applications/MAMP/htdocs/clinic/framework/web/CController.php(1145): CFilter->filter(Object(CFilterChain))
#10 /Applications/MAMP/htdocs/clinic/framework/web/filters/CInlineFilter.php(58): CController->filterAccessControl(Object(CFilterChain))
#11 /Applications/MAMP/htdocs/clinic/framework/web/filters/CFilterChain.php(130): CInlineFilter->filter(Object(CFilterChain))
#12 /Applications/MAMP/htdocs/clinic/framework/web/CController.php(291): CFilterChain->run()
#13 /Applications/MAMP/htdocs/clinic/framework/web/CController.php(265): CController->runActionWithFilters(Object(CInlineAction), Array)
#14 /Applications/MAMP/htdocs/clinic/framework/web/CWebApplication.php(282): CController->run('formappoint')
#15 /Applications/MAMP/htdocs/clinic/framework/web/CWebApplication.php(141): CWebApplication->runController('appoint/formapp...')
#16 /Applications/MAMP/htdocs/clinic/framework/base/CApplication.php(180): CWebApplication->processRequest()
#17 /Applications/MAMP/htdocs/clinic/index.php(15): CApplication->run()
#18 {main}
REQUEST_URI=/clinic/index.php?r=appoint/formappoint&seq=13
HTTP_REFERER=http://localhost/clinic/index.php?r=service/detail&patient_id=1&diagcode=2
---
2016/11/17 10:30:12 [error] [exception.CException] exception 'CException' with message 'คุณสมบัติ "Appoint.time" ยังไม่ถูกกำหนด' in /Applications/MAMP/htdocs/clinic/framework/base/CComponent.php:130
Stack trace:
#0 /Applications/MAMP/htdocs/clinic/framework/db/ar/CActiveRecord.php(145): CComponent->__get('time')
#1 /Applications/MAMP/htdocs/clinic/framework/base/CModel.php(596): CActiveRecord->__get('time')
#2 /Applications/MAMP/htdocs/clinic/protected/controllers/AppointController.php(164): CModel->offsetGet('time')
#3 [internal function]: AppointController->actionFormappoint('13')
#4 /Applications/MAMP/htdocs/clinic/framework/web/actions/CAction.php(108): ReflectionMethod->invokeArgs(Object(AppointController), Array)
#5 /Applications/MAMP/htdocs/clinic/framework/web/actions/CInlineAction.php(47): CAction->runWithParamsInternal(Object(AppointController), Object(ReflectionMethod), Array)
#6 /Applications/MAMP/htdocs/clinic/framework/web/CController.php(308): CInlineAction->runWithParams(Array)
#7 /Applications/MAMP/htdocs/clinic/framework/web/filters/CFilterChain.php(133): CController->runAction(Object(CInlineAction))
#8 /Applications/MAMP/htdocs/clinic/framework/web/filters/CFilter.php(40): CFilterChain->run()
#9 /Applications/MAMP/htdocs/clinic/framework/web/CController.php(1145): CFilter->filter(Object(CFilterChain))
#10 /Applications/MAMP/htdocs/clinic/framework/web/filters/CInlineFilter.php(58): CController->filterAccessControl(Object(CFilterChain))
#11 /Applications/MAMP/htdocs/clinic/framework/web/filters/CFilterChain.php(130): CInlineFilter->filter(Object(CFilterChain))
#12 /Applications/MAMP/htdocs/clinic/framework/web/CController.php(291): CFilterChain->run()
#13 /Applications/MAMP/htdocs/clinic/framework/web/CController.php(265): CController->runActionWithFilters(Object(CInlineAction), Array)
#14 /Applications/MAMP/htdocs/clinic/framework/web/CWebApplication.php(282): CController->run('formappoint')
#15 /Applications/MAMP/htdocs/clinic/framework/web/CWebApplication.php(141): CWebApplication->runController('appoint/formapp...')
#16 /Applications/MAMP/htdocs/clinic/framework/base/CApplication.php(180): CWebApplication->processRequest()
#17 /Applications/MAMP/htdocs/clinic/index.php(15): CApplication->run()
#18 {main}
REQUEST_URI=/clinic/index.php?r=appoint/formappoint&seq=13
HTTP_REFERER=http://localhost/clinic/index.php?r=service/detail&patient_id=1&diagcode=2
---
2016/11/17 10:30:13 [error] [exception.CException] exception 'CException' with message 'คุณสมบัติ "Appoint.time" ยังไม่ถูกกำหนด' in /Applications/MAMP/htdocs/clinic/framework/base/CComponent.php:130
Stack trace:
#0 /Applications/MAMP/htdocs/clinic/framework/db/ar/CActiveRecord.php(145): CComponent->__get('time')
#1 /Applications/MAMP/htdocs/clinic/framework/base/CModel.php(596): CActiveRecord->__get('time')
#2 /Applications/MAMP/htdocs/clinic/protected/controllers/AppointController.php(164): CModel->offsetGet('time')
#3 [internal function]: AppointController->actionFormappoint('13')
#4 /Applications/MAMP/htdocs/clinic/framework/web/actions/CAction.php(108): ReflectionMethod->invokeArgs(Object(AppointController), Array)
#5 /Applications/MAMP/htdocs/clinic/framework/web/actions/CInlineAction.php(47): CAction->runWithParamsInternal(Object(AppointController), Object(ReflectionMethod), Array)
#6 /Applications/MAMP/htdocs/clinic/framework/web/CController.php(308): CInlineAction->runWithParams(Array)
#7 /Applications/MAMP/htdocs/clinic/framework/web/filters/CFilterChain.php(133): CController->runAction(Object(CInlineAction))
#8 /Applications/MAMP/htdocs/clinic/framework/web/filters/CFilter.php(40): CFilterChain->run()
#9 /Applications/MAMP/htdocs/clinic/framework/web/CController.php(1145): CFilter->filter(Object(CFilterChain))
#10 /Applications/MAMP/htdocs/clinic/framework/web/filters/CInlineFilter.php(58): CController->filterAccessControl(Object(CFilterChain))
#11 /Applications/MAMP/htdocs/clinic/framework/web/filters/CFilterChain.php(130): CInlineFilter->filter(Object(CFilterChain))
#12 /Applications/MAMP/htdocs/clinic/framework/web/CController.php(291): CFilterChain->run()
#13 /Applications/MAMP/htdocs/clinic/framework/web/CController.php(265): CController->runActionWithFilters(Object(CInlineAction), Array)
#14 /Applications/MAMP/htdocs/clinic/framework/web/CWebApplication.php(282): CController->run('formappoint')
#15 /Applications/MAMP/htdocs/clinic/framework/web/CWebApplication.php(141): CWebApplication->runController('appoint/formapp...')
#16 /Applications/MAMP/htdocs/clinic/framework/base/CApplication.php(180): CWebApplication->processRequest()
#17 /Applications/MAMP/htdocs/clinic/index.php(15): CApplication->run()
#18 {main}
REQUEST_URI=/clinic/index.php?r=appoint/formappoint&seq=13
HTTP_REFERER=http://localhost/clinic/index.php?r=service/detail&patient_id=1&diagcode=2
---
2016/11/17 14:52:58 [error] [exception.CHttpException.403] exception 'CHttpException' with message 'คุณไม่ได้รับอนุญาตให้ดำเนินการดังกล่าว' in /Applications/MAMP/htdocs/clinic/framework/web/auth/CAccessControlFilter.php:182
Stack trace:
#0 /Applications/MAMP/htdocs/clinic/framework/web/auth/CAccessControlFilter.php(145): CAccessControlFilter->accessDenied(Object(CWebUser), '\xE0\xB8\x84\xE0\xB8\xB8\xE0\xB8\x93\xE0\xB9\x84\xE0\xB8\xA1...')
#1 /Applications/MAMP/htdocs/clinic/framework/web/filters/CFilter.php(38): CAccessControlFilter->preFilter(Object(CFilterChain))
#2 /Applications/MAMP/htdocs/clinic/framework/web/CController.php(1145): CFilter->filter(Object(CFilterChain))
#3 /Applications/MAMP/htdocs/clinic/framework/web/filters/CInlineFilter.php(58): CController->filterAccessControl(Object(CFilterChain))
#4 /Applications/MAMP/htdocs/clinic/framework/web/filters/CFilterChain.php(130): CInlineFilter->filter(Object(CFilterChain))
#5 /Applications/MAMP/htdocs/clinic/framework/web/CController.php(291): CFilterChain->run()
#6 /Applications/MAMP/htdocs/clinic/framework/web/CController.php(265): CController->runActionWithFilters(Object(CInlineAction), Array)
#7 /Applications/MAMP/htdocs/clinic/framework/web/CWebApplication.php(282): CController->run('appointcurrent')
#8 /Applications/MAMP/htdocs/clinic/framework/web/CWebApplication.php(141): CWebApplication->runController('appoint/appoint...')
#9 /Applications/MAMP/htdocs/clinic/framework/base/CApplication.php(180): CWebApplication->processRequest()
#10 /Applications/MAMP/htdocs/clinic/index.php(15): CApplication->run()
#11 {main}
REQUEST_URI=/clinic/index.php?r=appoint/appointcurrent
HTTP_REFERER=http://localhost/clinic/index.php?r=backend/backend
---
2016/11/17 14:53:18 [error] [php] Undefined variable: tnis (/Applications/MAMP/htdocs/clinic/protected/controllers/AppointController.php:221)
Stack trace:
#0 /Applications/MAMP/htdocs/clinic/framework/web/filters/CFilterChain.php(133): AppointController->runAction()
#1 /Applications/MAMP/htdocs/clinic/framework/web/filters/CFilter.php(40): CFilterChain->run()
#2 /Applications/MAMP/htdocs/clinic/framework/web/CController.php(1145): CAccessControlFilter->filter()
#3 /Applications/MAMP/htdocs/clinic/framework/web/filters/CInlineFilter.php(58): AppointController->filterAccessControl()
#4 /Applications/MAMP/htdocs/clinic/framework/web/filters/CFilterChain.php(130): CInlineFilter->filter()
#5 /Applications/MAMP/htdocs/clinic/framework/web/CController.php(291): CFilterChain->run()
#6 /Applications/MAMP/htdocs/clinic/framework/web/CController.php(265): AppointController->runActionWithFilters()
#7 /Applications/MAMP/htdocs/clinic/framework/web/CWebApplication.php(282): AppointController->run()
#8 /Applications/MAMP/htdocs/clinic/framework/web/CWebApplication.php(141): CWebApplication->runController()
#9 /Applications/MAMP/htdocs/clinic/framework/base/CApplication.php(180): CWebApplication->processRequest()
#10 /Applications/MAMP/htdocs/clinic/index.php(15): CWebApplication->run()
REQUEST_URI=/clinic/index.php?r=appoint/appointcurrent
in /Applications/MAMP/htdocs/clinic/protected/controllers/AppointController.php (221)
in /Applications/MAMP/htdocs/clinic/index.php (15)
2016/11/17 14:53:32 [error] [php] Undefined index: sex (/Applications/MAMP/htdocs/clinic/protected/views/appoint/appointcurrent.php:7)
Stack trace:
#0 /Applications/MAMP/htdocs/clinic/framework/web/CController.php(869): AppointController->renderFile()
#1 /Applications/MAMP/htdocs/clinic/protected/controllers/AppointController.php(221): AppointController->renderPartial()
#2 /Applications/MAMP/htdocs/clinic/framework/web/actions/CInlineAction.php(49): AppointController->actionAppointcurrent()
#3 /Applications/MAMP/htdocs/clinic/framework/web/CController.php(308): CInlineAction->runWithParams()
#4 /Applications/MAMP/htdocs/clinic/framework/web/filters/CFilterChain.php(133): AppointController->runAction()
#5 /Applications/MAMP/htdocs/clinic/framework/web/filters/CFilter.php(40): CFilterChain->run()
#6 /Applications/MAMP/htdocs/clinic/framework/web/CController.php(1145): CAccessControlFilter->filter()
#7 /Applications/MAMP/htdocs/clinic/framework/web/filters/CInlineFilter.php(58): AppointController->filterAccessControl()
#8 /Applications/MAMP/htdocs/clinic/framework/web/filters/CFilterChain.php(130): CInlineFilter->filter()
#9 /Applications/MAMP/htdocs/clinic/framework/web/CController.php(291): CFilterChain->run()
#10 /Applications/MAMP/htdocs/clinic/framework/web/CController.php(265): AppointController->runActionWithFilters()
#11 /Applications/MAMP/htdocs/clinic/framework/web/CWebApplication.php(282): AppointController->run()
#12 /Applications/MAMP/htdocs/clinic/framework/web/CWebApplication.php(141): CWebApplication->runController()
#13 /Applications/MAMP/htdocs/clinic/framework/base/CApplication.php(180): CWebApplication->processRequest()
#14 /Applications/MAMP/htdocs/clinic/index.php(15): CWebApplication->run()
REQUEST_URI=/clinic/index.php?r=appoint/appointcurrent
in /Applications/MAMP/htdocs/clinic/protected/views/appoint/appointcurrent.php (7)
in /Applications/MAMP/htdocs/clinic/protected/controllers/AppointController.php (221)
in /Applications/MAMP/htdocs/clinic/index.php (15)
2016/11/17 14:54:06 [error] [php] Undefined index: sex (/Applications/MAMP/htdocs/clinic/protected/views/appoint/appointcurrent.php:7)
Stack trace:
#0 /Applications/MAMP/htdocs/clinic/framework/web/CController.php(869): AppointController->renderFile()
#1 /Applications/MAMP/htdocs/clinic/protected/controllers/AppointController.php(221): AppointController->renderPartial()
#2 /Applications/MAMP/htdocs/clinic/framework/web/actions/CInlineAction.php(49): AppointController->actionAppointcurrent()
#3 /Applications/MAMP/htdocs/clinic/framework/web/CController.php(308): CInlineAction->runWithParams()
#4 /Applications/MAMP/htdocs/clinic/framework/web/filters/CFilterChain.php(133): AppointController->runAction()
#5 /Applications/MAMP/htdocs/clinic/framework/web/filters/CFilter.php(40): CFilterChain->run()
#6 /Applications/MAMP/htdocs/clinic/framework/web/CController.php(1145): CAccessControlFilter->filter()
#7 /Applications/MAMP/htdocs/clinic/framework/web/filters/CInlineFilter.php(58): AppointController->filterAccessControl()
#8 /Applications/MAMP/htdocs/clinic/framework/web/filters/CFilterChain.php(130): CInlineFilter->filter()
#9 /Applications/MAMP/htdocs/clinic/framework/web/CController.php(291): CFilterChain->run()
#10 /Applications/MAMP/htdocs/clinic/framework/web/CController.php(265): AppointController->runActionWithFilters()
#11 /Applications/MAMP/htdocs/clinic/framework/web/CWebApplication.php(282): AppointController->run()
#12 /Applications/MAMP/htdocs/clinic/framework/web/CWebApplication.php(141): CWebApplication->runController()
#13 /Applications/MAMP/htdocs/clinic/framework/base/CApplication.php(180): CWebApplication->processRequest()
#14 /Applications/MAMP/htdocs/clinic/index.php(15): CWebApplication->run()
REQUEST_URI=/clinic/index.php?r=appoint/appointcurrent
in /Applications/MAMP/htdocs/clinic/protected/views/appoint/appointcurrent.php (7)
in /Applications/MAMP/htdocs/clinic/protected/controllers/AppointController.php (221)
in /Applications/MAMP/htdocs/clinic/index.php (15)
2016/11/17 14:54:08 [error] [php] Undefined index: sex (/Applications/MAMP/htdocs/clinic/protected/views/appoint/appointcurrent.php:7)
Stack trace:
#0 /Applications/MAMP/htdocs/clinic/framework/web/CController.php(869): AppointController->renderFile()
#1 /Applications/MAMP/htdocs/clinic/protected/controllers/AppointController.php(221): AppointController->renderPartial()
#2 /Applications/MAMP/htdocs/clinic/framework/web/actions/CInlineAction.php(49): AppointController->actionAppointcurrent()
#3 /Applications/MAMP/htdocs/clinic/framework/web/CController.php(308): CInlineAction->runWithParams()
#4 /Applications/MAMP/htdocs/clinic/framework/web/filters/CFilterChain.php(133): AppointController->runAction()
#5 /Applications/MAMP/htdocs/clinic/framework/web/filters/CFilter.php(40): CFilterChain->run()
#6 /Applications/MAMP/htdocs/clinic/framework/web/CController.php(1145): CAccessControlFilter->filter()
#7 /Applications/MAMP/htdocs/clinic/framework/web/filters/CInlineFilter.php(58): AppointController->filterAccessControl()
#8 /Applications/MAMP/htdocs/clinic/framework/web/filters/CFilterChain.php(130): CInlineFilter->filter()
#9 /Applications/MAMP/htdocs/clinic/framework/web/CController.php(291): CFilterChain->run()
#10 /Applications/MAMP/htdocs/clinic/framework/web/CController.php(265): AppointController->runActionWithFilters()
#11 /Applications/MAMP/htdocs/clinic/framework/web/CWebApplication.php(282): AppointController->run()
#12 /Applications/MAMP/htdocs/clinic/framework/web/CWebApplication.php(141): CWebApplication->runController()
#13 /Applications/MAMP/htdocs/clinic/framework/base/CApplication.php(180): CWebApplication->processRequest()
#14 /Applications/MAMP/htdocs/clinic/index.php(15): CWebApplication->run()
REQUEST_URI=/clinic/index.php?r=appoint/appointcurrent
in /Applications/MAMP/htdocs/clinic/protected/views/appoint/appointcurrent.php (7)
in /Applications/MAMP/htdocs/clinic/protected/controllers/AppointController.php (221)
in /Applications/MAMP/htdocs/clinic/index.php (15)
2016/11/17 14:55:23 [error] [php] Undefined index: sex (/Applications/MAMP/htdocs/clinic/protected/views/appoint/appointcurrent.php:7)
Stack trace:
#0 /Applications/MAMP/htdocs/clinic/framework/web/CController.php(869): AppointController->renderFile()
#1 /Applications/MAMP/htdocs/clinic/protected/controllers/AppointController.php(221): AppointController->renderPartial()
#2 /Applications/MAMP/htdocs/clinic/framework/web/actions/CInlineAction.php(49): AppointController->actionAppointcurrent()
#3 /Applications/MAMP/htdocs/clinic/framework/web/CController.php(308): CInlineAction->runWithParams()
#4 /Applications/MAMP/htdocs/clinic/framework/web/filters/CFilterChain.php(133): AppointController->runAction()
#5 /Applications/MAMP/htdocs/clinic/framework/web/filters/CFilter.php(40): CFilterChain->run()
#6 /Applications/MAMP/htdocs/clinic/framework/web/CController.php(1145): CAccessControlFilter->filter()
#7 /Applications/MAMP/htdocs/clinic/framework/web/filters/CInlineFilter.php(58): AppointController->filterAccessControl()
#8 /Applications/MAMP/htdocs/clinic/framework/web/filters/CFilterChain.php(130): CInlineFilter->filter()
#9 /Applications/MAMP/htdocs/clinic/framework/web/CController.php(291): CFilterChain->run()
#10 /Applications/MAMP/htdocs/clinic/framework/web/CController.php(265): AppointController->runActionWithFilters()
#11 /Applications/MAMP/htdocs/clinic/framework/web/CWebApplication.php(282): AppointController->run()
#12 /Applications/MAMP/htdocs/clinic/framework/web/CWebApplication.php(141): CWebApplication->runController()
#13 /Applications/MAMP/htdocs/clinic/framework/base/CApplication.php(180): CWebApplication->processRequest()
#14 /Applications/MAMP/htdocs/clinic/index.php(15): CWebApplication->run()
REQUEST_URI=/clinic/index.php?r=appoint/appointcurrent
in /Applications/MAMP/htdocs/clinic/protected/views/appoint/appointcurrent.php (7)
in /Applications/MAMP/htdocs/clinic/protected/controllers/AppointController.php (221)
in /Applications/MAMP/htdocs/clinic/index.php (15)
2016/11/17 14:55:45 [error] [php] Undefined index: sex (/Applications/MAMP/htdocs/clinic/protected/views/appoint/appointcurrent.php:7)
Stack trace:
#0 /Applications/MAMP/htdocs/clinic/framework/web/CController.php(869): AppointController->renderFile()
#1 /Applications/MAMP/htdocs/clinic/protected/controllers/AppointController.php(221): AppointController->renderPartial()
#2 /Applications/MAMP/htdocs/clinic/framework/web/actions/CInlineAction.php(49): AppointController->actionAppointcurrent()
#3 /Applications/MAMP/htdocs/clinic/framework/web/CController.php(308): CInlineAction->runWithParams()
#4 /Applications/MAMP/htdocs/clinic/framework/web/filters/CFilterChain.php(133): AppointController->runAction()
#5 /Applications/MAMP/htdocs/clinic/framework/web/filters/CFilter.php(40): CFilterChain->run()
#6 /Applications/MAMP/htdocs/clinic/framework/web/CController.php(1145): CAccessControlFilter->filter()
#7 /Applications/MAMP/htdocs/clinic/framework/web/filters/CInlineFilter.php(58): AppointController->filterAccessControl()
#8 /Applications/MAMP/htdocs/clinic/framework/web/filters/CFilterChain.php(130): CInlineFilter->filter()
#9 /Applications/MAMP/htdocs/clinic/framework/web/CController.php(291): CFilterChain->run()
#10 /Applications/MAMP/htdocs/clinic/framework/web/CController.php(265): AppointController->runActionWithFilters()
#11 /Applications/MAMP/htdocs/clinic/framework/web/CWebApplication.php(282): AppointController->run()
#12 /Applications/MAMP/htdocs/clinic/framework/web/CWebApplication.php(141): CWebApplication->runController()
#13 /Applications/MAMP/htdocs/clinic/framework/base/CApplication.php(180): CWebApplication->processRequest()
#14 /Applications/MAMP/htdocs/clinic/index.php(15): CWebApplication->run()
REQUEST_URI=/clinic/index.php?r=appoint/appointcurrent
in /Applications/MAMP/htdocs/clinic/protected/views/appoint/appointcurrent.php (7)
in /Applications/MAMP/htdocs/clinic/protected/controllers/AppointController.php (221)
in /Applications/MAMP/htdocs/clinic/index.php (15)
2016/11/17 14:56:47 [error] [php] Undefined index: sex (/Applications/MAMP/htdocs/clinic/protected/views/appoint/appointcurrent.php:7)
Stack trace:
#0 /Applications/MAMP/htdocs/clinic/framework/web/CController.php(869): AppointController->renderFile()
#1 /Applications/MAMP/htdocs/clinic/protected/controllers/AppointController.php(221): AppointController->renderPartial()
#2 /Applications/MAMP/htdocs/clinic/framework/web/actions/CInlineAction.php(49): AppointController->actionAppointcurrent()
#3 /Applications/MAMP/htdocs/clinic/framework/web/CController.php(308): CInlineAction->runWithParams()
#4 /Applications/MAMP/htdocs/clinic/framework/web/filters/CFilterChain.php(133): AppointController->runAction()
#5 /Applications/MAMP/htdocs/clinic/framework/web/filters/CFilter.php(40): CFilterChain->run()
#6 /Applications/MAMP/htdocs/clinic/framework/web/CController.php(1145): CAccessControlFilter->filter()
#7 /Applications/MAMP/htdocs/clinic/framework/web/filters/CInlineFilter.php(58): AppointController->filterAccessControl()
#8 /Applications/MAMP/htdocs/clinic/framework/web/filters/CFilterChain.php(130): CInlineFilter->filter()
#9 /Applications/MAMP/htdocs/clinic/framework/web/CController.php(291): CFilterChain->run()
#10 /Applications/MAMP/htdocs/clinic/framework/web/CController.php(265): AppointController->runActionWithFilters()
#11 /Applications/MAMP/htdocs/clinic/framework/web/CWebApplication.php(282): AppointController->run()
#12 /Applications/MAMP/htdocs/clinic/framework/web/CWebApplication.php(141): CWebApplication->runController()
#13 /Applications/MAMP/htdocs/clinic/framework/base/CApplication.php(180): CWebApplication->processRequest()
#14 /Applications/MAMP/htdocs/clinic/index.php(15): CWebApplication->run()
REQUEST_URI=/clinic/index.php?r=appoint/appointcurrent
in /Applications/MAMP/htdocs/clinic/protected/views/appoint/appointcurrent.php (7)
in /Applications/MAMP/htdocs/clinic/protected/controllers/AppointController.php (221)
in /Applications/MAMP/htdocs/clinic/index.php (15)
2016/11/17 14:57:04 [error] [php] Undefined variable: img_profile (/Applications/MAMP/htdocs/clinic/protected/views/appoint/appointcurrent.php:25)
Stack trace:
#0 /Applications/MAMP/htdocs/clinic/framework/web/CController.php(869): AppointController->renderFile()
#1 /Applications/MAMP/htdocs/clinic/protected/controllers/AppointController.php(221): AppointController->renderPartial()
#2 /Applications/MAMP/htdocs/clinic/framework/web/actions/CInlineAction.php(49): AppointController->actionAppointcurrent()
#3 /Applications/MAMP/htdocs/clinic/framework/web/CController.php(308): CInlineAction->runWithParams()
#4 /Applications/MAMP/htdocs/clinic/framework/web/filters/CFilterChain.php(133): AppointController->runAction()
#5 /Applications/MAMP/htdocs/clinic/framework/web/filters/CFilter.php(40): CFilterChain->run()
#6 /Applications/MAMP/htdocs/clinic/framework/web/CController.php(1145): CAccessControlFilter->filter()
#7 /Applications/MAMP/htdocs/clinic/framework/web/filters/CInlineFilter.php(58): AppointController->filterAccessControl()
#8 /Applications/MAMP/htdocs/clinic/framework/web/filters/CFilterChain.php(130): CInlineFilter->filter()
#9 /Applications/MAMP/htdocs/clinic/framework/web/CController.php(291): CFilterChain->run()
#10 /Applications/MAMP/htdocs/clinic/framework/web/CController.php(265): AppointController->runActionWithFilters()
#11 /Applications/MAMP/htdocs/clinic/framework/web/CWebApplication.php(282): AppointController->run()
#12 /Applications/MAMP/htdocs/clinic/framework/web/CWebApplication.php(141): CWebApplication->runController()
#13 /Applications/MAMP/htdocs/clinic/framework/base/CApplication.php(180): CWebApplication->processRequest()
#14 /Applications/MAMP/htdocs/clinic/index.php(15): CWebApplication->run()
REQUEST_URI=/clinic/index.php?r=appoint/appointcurrent
in /Applications/MAMP/htdocs/clinic/protected/views/appoint/appointcurrent.php (25)
in /Applications/MAMP/htdocs/clinic/protected/controllers/AppointController.php (221)
in /Applications/MAMP/htdocs/clinic/index.php (15)
2016/11/17 14:58:17 [error] [php] Undefined variable: img_profile (/Applications/MAMP/htdocs/clinic/protected/views/appoint/appointcurrent.php:25)
Stack trace:
#0 /Applications/MAMP/htdocs/clinic/framework/web/CController.php(869): AppointController->renderFile()
#1 /Applications/MAMP/htdocs/clinic/framework/web/CController.php(782): AppointController->renderPartial()
#2 /Applications/MAMP/htdocs/clinic/protected/controllers/AppointController.php(221): AppointController->render()
#3 /Applications/MAMP/htdocs/clinic/framework/web/actions/CInlineAction.php(49): AppointController->actionAppointcurrent()
#4 /Applications/MAMP/htdocs/clinic/framework/web/CController.php(308): CInlineAction->runWithParams()
#5 /Applications/MAMP/htdocs/clinic/framework/web/filters/CFilterChain.php(133): AppointController->runAction()
#6 /Applications/MAMP/htdocs/clinic/framework/web/filters/CFilter.php(40): CFilterChain->run()
#7 /Applications/MAMP/htdocs/clinic/framework/web/CController.php(1145): CAccessControlFilter->filter()
#8 /Applications/MAMP/htdocs/clinic/framework/web/filters/CInlineFilter.php(58): AppointController->filterAccessControl()
#9 /Applications/MAMP/htdocs/clinic/framework/web/filters/CFilterChain.php(130): CInlineFilter->filter()
#10 /Applications/MAMP/htdocs/clinic/framework/web/CController.php(291): CFilterChain->run()
#11 /Applications/MAMP/htdocs/clinic/framework/web/CController.php(265): AppointController->runActionWithFilters()
#12 /Applications/MAMP/htdocs/clinic/framework/web/CWebApplication.php(282): AppointController->run()
#13 /Applications/MAMP/htdocs/clinic/framework/web/CWebApplication.php(141): CWebApplication->runController()
#14 /Applications/MAMP/htdocs/clinic/framework/base/CApplication.php(180): CWebApplication->processRequest()
#15 /Applications/MAMP/htdocs/clinic/index.php(15): CWebApplication->run()
REQUEST_URI=/clinic/index.php?r=appoint/appointcurrent
in /Applications/MAMP/htdocs/clinic/protected/views/appoint/appointcurrent.php (25)
in /Applications/MAMP/htdocs/clinic/protected/controllers/AppointController.php (221)
in /Applications/MAMP/htdocs/clinic/index.php (15)
2016/11/17 15:00:19 [error] [php] Undefined variable: appointa (/Applications/MAMP/htdocs/clinic/protected/views/appoint/appointcurrent.php:3)
Stack trace:
#0 /Applications/MAMP/htdocs/clinic/framework/web/CController.php(869): AppointController->renderFile()
#1 /Applications/MAMP/htdocs/clinic/framework/web/CController.php(782): AppointController->renderPartial()
#2 /Applications/MAMP/htdocs/clinic/protected/controllers/AppointController.php(221): AppointController->render()
#3 /Applications/MAMP/htdocs/clinic/framework/web/actions/CInlineAction.php(49): AppointController->actionAppointcurrent()
#4 /Applications/MAMP/htdocs/clinic/framework/web/CController.php(308): CInlineAction->runWithParams()
#5 /Applications/MAMP/htdocs/clinic/framework/web/filters/CFilterChain.php(133): AppointController->runAction()
#6 /Applications/MAMP/htdocs/clinic/framework/web/filters/CFilter.php(40): CFilterChain->run()
#7 /Applications/MAMP/htdocs/clinic/framework/web/CController.php(1145): CAccessControlFilter->filter()
#8 /Applications/MAMP/htdocs/clinic/framework/web/filters/CInlineFilter.php(58): AppointController->filterAccessControl()
#9 /Applications/MAMP/htdocs/clinic/framework/web/filters/CFilterChain.php(130): CInlineFilter->filter()
#10 /Applications/MAMP/htdocs/clinic/framework/web/CController.php(291): CFilterChain->run()
#11 /Applications/MAMP/htdocs/clinic/framework/web/CController.php(265): AppointController->runActionWithFilters()
#12 /Applications/MAMP/htdocs/clinic/framework/web/CWebApplication.php(282): AppointController->run()
#13 /Applications/MAMP/htdocs/clinic/framework/web/CWebApplication.php(141): CWebApplication->runController()
#14 /Applications/MAMP/htdocs/clinic/framework/base/CApplication.php(180): CWebApplication->processRequest()
#15 /Applications/MAMP/htdocs/clinic/index.php(15): CWebApplication->run()
REQUEST_URI=/clinic/index.php?r=appoint/appointcurrent
in /Applications/MAMP/htdocs/clinic/protected/views/appoint/appointcurrent.php (3)
in /Applications/MAMP/htdocs/clinic/protected/controllers/AppointController.php (221)
in /Applications/MAMP/htdocs/clinic/index.php (15)
2016/11/17 15:00:31 [error] [php] Undefined variable: patient (/Applications/MAMP/htdocs/clinic/protected/views/appoint/appointcurrent.php:5)
Stack trace:
#0 /Applications/MAMP/htdocs/clinic/framework/web/CController.php(869): AppointController->renderFile()
#1 /Applications/MAMP/htdocs/clinic/framework/web/CController.php(782): AppointController->renderPartial()
#2 /Applications/MAMP/htdocs/clinic/protected/controllers/AppointController.php(221): AppointController->render()
#3 /Applications/MAMP/htdocs/clinic/framework/web/actions/CInlineAction.php(49): AppointController->actionAppointcurrent()
#4 /Applications/MAMP/htdocs/clinic/framework/web/CController.php(308): CInlineAction->runWithParams()
#5 /Applications/MAMP/htdocs/clinic/framework/web/filters/CFilterChain.php(133): AppointController->runAction()
#6 /Applications/MAMP/htdocs/clinic/framework/web/filters/CFilter.php(40): CFilterChain->run()
#7 /Applications/MAMP/htdocs/clinic/framework/web/CController.php(1145): CAccessControlFilter->filter()
#8 /Applications/MAMP/htdocs/clinic/framework/web/filters/CInlineFilter.php(58): AppointController->filterAccessControl()
#9 /Applications/MAMP/htdocs/clinic/framework/web/filters/CFilterChain.php(130): CInlineFilter->filter()
#10 /Applications/MAMP/htdocs/clinic/framework/web/CController.php(291): CFilterChain->run()
#11 /Applications/MAMP/htdocs/clinic/framework/web/CController.php(265): AppointController->runActionWithFilters()
#12 /Applications/MAMP/htdocs/clinic/framework/web/CWebApplication.php(282): AppointController->run()
#13 /Applications/MAMP/htdocs/clinic/framework/web/CWebApplication.php(141): CWebApplication->runController()
#14 /Applications/MAMP/htdocs/clinic/framework/base/CApplication.php(180): CWebApplication->processRequest()
#15 /Applications/MAMP/htdocs/clinic/index.php(15): CWebApplication->run()
REQUEST_URI=/clinic/index.php?r=appoint/appointcurrent
in /Applications/MAMP/htdocs/clinic/protected/views/appoint/appointcurrent.php (5)
in /Applications/MAMP/htdocs/clinic/protected/controllers/AppointController.php (221)
in /Applications/MAMP/htdocs/clinic/index.php (15)
2016/11/17 15:00:43 [error] [php] Undefined index: oid (/Applications/MAMP/htdocs/clinic/protected/views/appoint/appointcurrent.php:27)
Stack trace:
#0 /Applications/MAMP/htdocs/clinic/framework/web/CController.php(869): AppointController->renderFile()
#1 /Applications/MAMP/htdocs/clinic/framework/web/CController.php(782): AppointController->renderPartial()
#2 /Applications/MAMP/htdocs/clinic/protected/controllers/AppointController.php(221): AppointController->render()
#3 /Applications/MAMP/htdocs/clinic/framework/web/actions/CInlineAction.php(49): AppointController->actionAppointcurrent()
#4 /Applications/MAMP/htdocs/clinic/framework/web/CController.php(308): CInlineAction->runWithParams()
#5 /Applications/MAMP/htdocs/clinic/framework/web/filters/CFilterChain.php(133): AppointController->runAction()
#6 /Applications/MAMP/htdocs/clinic/framework/web/filters/CFilter.php(40): CFilterChain->run()
#7 /Applications/MAMP/htdocs/clinic/framework/web/CController.php(1145): CAccessControlFilter->filter()
#8 /Applications/MAMP/htdocs/clinic/framework/web/filters/CInlineFilter.php(58): AppointController->filterAccessControl()
#9 /Applications/MAMP/htdocs/clinic/framework/web/filters/CFilterChain.php(130): CInlineFilter->filter()
#10 /Applications/MAMP/htdocs/clinic/framework/web/CController.php(291): CFilterChain->run()
#11 /Applications/MAMP/htdocs/clinic/framework/web/CController.php(265): AppointController->runActionWithFilters()
#12 /Applications/MAMP/htdocs/clinic/framework/web/CWebApplication.php(282): AppointController->run()
#13 /Applications/MAMP/htdocs/clinic/framework/web/CWebApplication.php(141): CWebApplication->runController()
#14 /Applications/MAMP/htdocs/clinic/framework/base/CApplication.php(180): CWebApplication->processRequest()
#15 /Applications/MAMP/htdocs/clinic/index.php(15): CWebApplication->run()
REQUEST_URI=/clinic/index.php?r=appoint/appointcurrent
in /Applications/MAMP/htdocs/clinic/protected/views/appoint/appointcurrent.php (27)
in /Applications/MAMP/htdocs/clinic/protected/controllers/AppointController.php (221)
in /Applications/MAMP/htdocs/clinic/index.php (15)
2016/11/17 15:01:17 [error] [php] Undefined index: date_service (/Applications/MAMP/htdocs/clinic/protected/views/appoint/appointcurrent.php:30)
Stack trace:
#0 /Applications/MAMP/htdocs/clinic/framework/web/CController.php(869): AppointController->renderFile()
#1 /Applications/MAMP/htdocs/clinic/framework/web/CController.php(782): AppointController->renderPartial()
#2 /Applications/MAMP/htdocs/clinic/protected/controllers/AppointController.php(221): AppointController->render()
#3 /Applications/MAMP/htdocs/clinic/framework/web/actions/CInlineAction.php(49): AppointController->actionAppointcurrent()
#4 /Applications/MAMP/htdocs/clinic/framework/web/CController.php(308): CInlineAction->runWithParams()
#5 /Applications/MAMP/htdocs/clinic/framework/web/filters/CFilterChain.php(133): AppointController->runAction()
#6 /Applications/MAMP/htdocs/clinic/framework/web/filters/CFilter.php(40): CFilterChain->run()
#7 /Applications/MAMP/htdocs/clinic/framework/web/CController.php(1145): CAccessControlFilter->filter()
#8 /Applications/MAMP/htdocs/clinic/framework/web/filters/CInlineFilter.php(58): AppointController->filterAccessControl()
#9 /Applications/MAMP/htdocs/clinic/framework/web/filters/CFilterChain.php(130): CInlineFilter->filter()
#10 /Applications/MAMP/htdocs/clinic/framework/web/CController.php(291): CFilterChain->run()
#11 /Applications/MAMP/htdocs/clinic/framework/web/CController.php(265): AppointController->runActionWithFilters()
#12 /Applications/MAMP/htdocs/clinic/framework/web/CWebApplication.php(282): AppointController->run()
#13 /Applications/MAMP/htdocs/clinic/framework/web/CWebApplication.php(141): CWebApplication->runController()
#14 /Applications/MAMP/htdocs/clinic/framework/base/CApplication.php(180): CWebApplication->processRequest()
#15 /Applications/MAMP/htdocs/clinic/index.php(15): CWebApplication->run()
REQUEST_URI=/clinic/index.php?r=appoint/appointcurrent
in /Applications/MAMP/htdocs/clinic/protected/views/appoint/appointcurrent.php (30)
in /Applications/MAMP/htdocs/clinic/protected/controllers/AppointController.php (221)
in /Applications/MAMP/htdocs/clinic/index.php (15)
